2018-07-10 07:39:26.820  INFO 31628 --- [main] c.q.q.p.s.repository.TestRepository      : Starting TestRepository on QuHao-PC with PID 31628 (started by Qu Hao in D:\Git\simpleblog\web)
2018-07-10 07:39:26.836  INFO 31628 --- [main] c.q.q.p.s.repository.TestRepository      : No active profile set, falling back to default profiles: default
2018-07-10 07:39:26.883  INFO 31628 --- [main] o.s.w.c.s.GenericWebApplicationContext   : Refreshing org.springframework.web.context.support.GenericWebApplicationContext@56a4479a: startup date [Tue Jul 10 07:39:26 CST 2018]; root of context hierarchy
2018-07-10 07:39:28.257  INFO 31628 --- [main] trationDelegate$BeanPostProcessorChecker : Bean 'org.springframework.transaction.annotation.ProxyTransactionManagementConfiguration' of type [org.springframework.transaction.annotation.ProxyTransactionManagementConfiguration$$EnhancerBySpringCGLIB$$d9b148bc] is not eligible for getting processed by all BeanPostProcessors (for example: not eligible for auto-proxying)
2018-07-10 07:39:28.523  INFO 31628 --- [main] j.LocalContainerEntityManagerFactoryBean : Building JPA container EntityManagerFactory for persistence unit 'default'
2018-07-10 07:39:28.554  INFO 31628 --- [main] o.hibernate.jpa.internal.util.LogHelper  : HHH000204: Processing PersistenceUnitInfo [
	name: default
	...]
2018-07-10 07:39:28.663  INFO 31628 --- [main] org.hibernate.Version                    : HHH000412: Hibernate Core {5.3.2.Final}
2018-07-10 07:39:28.679  INFO 31628 --- [main] org.hibernate.cfg.Environment            : HHH000206: hibernate.properties not found
2018-07-10 07:39:28.788  INFO 31628 --- [main] o.hibernate.annotations.common.Version   : HCANN000001: Hibernate Commons Annotations {5.0.4.Final}
2018-07-10 07:39:29.132  INFO 31628 --- [main] com.zaxxer.hikari.HikariDataSource       : SimpleBlog-DataSource - Starting...
2018-07-10 07:39:29.132  WARN 31628 --- [main] com.zaxxer.hikari.util.DriverDataSource  : Registered driver with driverClassName=com.mysql.jdbc.Driver was not found, trying direct instantiation.
2018-07-10 07:39:29.491  INFO 31628 --- [main] com.zaxxer.hikari.HikariDataSource       : SimpleBlog-DataSource - Start completed.
2018-07-10 07:39:29.523  INFO 31628 --- [main] org.hibernate.dialect.Dialect            : HHH000400: Using dialect: org.hibernate.dialect.MySQL8Dialect
2018-07-10 07:39:29.929  WARN 31628 --- [main] org.hibernate.mapping.RootClass          : HHH000038: Composite-id class does not override equals(): com.quhxuxm.quh.project.simpleblog.domain.AnthologyParticipant
2018-07-10 07:39:29.929  WARN 31628 --- [main] org.hibernate.mapping.RootClass          : HHH000039: Composite-id class does not override hashCode(): com.quhxuxm.quh.project.simpleblog.domain.AnthologyParticipant
2018-07-10 07:39:29.929  WARN 31628 --- [main] org.hibernate.mapping.RootClass          : HHH000038: Composite-id class does not override equals(): com.quhxuxm.quh.project.simpleblog.domain.AnthologyTag
2018-07-10 07:39:29.929  WARN 31628 --- [main] org.hibernate.mapping.RootClass          : HHH000039: Composite-id class does not override hashCode(): com.quhxuxm.quh.project.simpleblog.domain.AnthologyTag
2018-07-10 07:39:29.929  WARN 31628 --- [main] org.hibernate.mapping.RootClass          : HHH000038: Composite-id class does not override equals(): com.quhxuxm.quh.project.simpleblog.domain.AuthorFollower
2018-07-10 07:39:29.929  WARN 31628 --- [main] org.hibernate.mapping.RootClass          : HHH000039: Composite-id class does not override hashCode(): com.quhxuxm.quh.project.simpleblog.domain.AuthorFollower
2018-07-10 07:39:29.929  WARN 31628 --- [main] org.hibernate.mapping.RootClass          : HHH000038: Composite-id class does not override equals(): com.quhxuxm.quh.project.simpleblog.domain.ArticleTag
2018-07-10 07:39:29.929  WARN 31628 --- [main] org.hibernate.mapping.RootClass          : HHH000039: Composite-id class does not override hashCode(): com.quhxuxm.quh.project.simpleblog.domain.ArticleTag
2018-07-10 07:39:29.929  WARN 31628 --- [main] org.hibernate.mapping.RootClass          : HHH000038: Composite-id class does not override equals(): com.quhxuxm.quh.project.simpleblog.domain.AuthorTag
2018-07-10 07:39:29.929  WARN 31628 --- [main] org.hibernate.mapping.RootClass          : HHH000039: Composite-id class does not override hashCode(): com.quhxuxm.quh.project.simpleblog.domain.AuthorTag
2018-07-10 07:39:29.929  WARN 31628 --- [main] org.hibernate.mapping.RootClass          : HHH000038: Composite-id class does not override equals(): com.quhxuxm.quh.project.simpleblog.domain.AuthorDefaultAnthology
2018-07-10 07:39:29.929  WARN 31628 --- [main] org.hibernate.mapping.RootClass          : HHH000039: Composite-id class does not override hashCode(): com.quhxuxm.quh.project.simpleblog.domain.AuthorDefaultAnthology
2018-07-10 07:39:31.069  INFO 31628 --- [main] j.LocalContainerEntityManagerFactoryBean : Initialized JPA EntityManagerFactory for persistence unit 'default'
2018-07-10 07:39:31.725  WARN 31628 --- [main] aWebConfiguration$JpaWebMvcConfiguration : spring.jpa.open-in-view is enabled by default. Therefore, database queries may be performed during view rendering. Explicitly configure spring.jpa.open-in-view to disable this warning
2018-07-10 07:39:31.803  INFO 31628 --- [main] s.w.s.m.m.a.RequestMappingHandlerMapping : Mapped "{[/error]}" onto public org.springframework.http.ResponseEntity<java.util.Map<java.lang.String, java.lang.Object>> org.springframework.boot.autoconfigure.web.servlet.error.BasicErrorController.error(javax.servlet.http.HttpServletRequest)
2018-07-10 07:39:31.803  INFO 31628 --- [main] s.w.s.m.m.a.RequestMappingHandlerMapping : Mapped "{[/error],produces=[text/html]}" onto public org.springframework.web.servlet.ModelAndView org.springframework.boot.autoconfigure.web.servlet.error.BasicErrorController.errorHtml(javax.servlet.http.HttpServletRequest,javax.servlet.http.HttpServletResponse)
2018-07-10 07:39:31.991  INFO 31628 --- [main] s.w.s.m.m.a.RequestMappingHandlerAdapter : Looking for @ControllerAdvice: org.springframework.web.context.support.GenericWebApplicationContext@56a4479a: startup date [Tue Jul 10 07:39:26 CST 2018]; root of context hierarchy
2018-07-10 07:39:32.584  INFO 31628 --- [main] .s.s.UserDetailsServiceAutoConfiguration : 

Using generated security password: 383ab6aa-9dc9-4f9e-9a08-bfbbcd3bacd3

2018-07-10 07:39:32.772  INFO 31628 --- [main] o.s.s.web.DefaultSecurityFilterChain     : Creating filter chain: org.springframework.security.web.util.matcher.AnyRequestMatcher@1, [org.springframework.security.web.context.request.async.WebAsyncManagerIntegrationFilter@3958db82, org.springframework.security.web.context.SecurityContextPersistenceFilter@5929059c, org.springframework.security.web.header.HeaderWriterFilter@7a6b214c, org.springframework.security.web.csrf.CsrfFilter@1715193f, org.springframework.security.web.authentication.logout.LogoutFilter@733345f5, org.springframework.security.web.authentication.UsernamePasswordAuthenticationFilter@36ec4071, org.springframework.security.web.authentication.ui.DefaultLoginPageGeneratingFilter@40696fc6, org.springframework.security.web.authentication.www.BasicAuthenticationFilter@170f0fd6, org.springframework.security.web.savedrequest.RequestCacheAwareFilter@188058fb, org.springframework.security.web.servletapi.SecurityContextHolderAwareRequestFilter@70cdbd18, org.springframework.security.web.authentication.AnonymousAuthenticationFilter@577f81a0, org.springframework.security.web.session.SessionManagementFilter@65fa56f7, org.springframework.security.web.access.ExceptionTranslationFilter@71c74011, org.springframework.security.web.access.intercept.FilterSecurityInterceptor@395115ac]
2018-07-10 07:39:32.881  INFO 31628 --- [main] c.q.q.p.s.repository.TestRepository      : Started TestRepository in 6.748 seconds (JVM running for 9.222)
2018-07-10 07:39:32.975  INFO 31628 --- [main] o.h.h.i.QueryTranslatorFactoryInitiator  : HHH000397: Using ASTQueryTranslatorFactory
2018-07-10 07:39:33.240  INFO 31628 --- [Thread-2] o.s.w.c.s.GenericWebApplicationContext   : Closing org.springframework.web.context.support.GenericWebApplicationContext@56a4479a: startup date [Tue Jul 10 07:39:26 CST 2018]; root of context hierarchy
2018-07-10 07:39:33.240  INFO 31628 --- [Thread-2] j.LocalContainerEntityManagerFactoryBean : Closing JPA EntityManagerFactory for persistence unit 'default'
2018-07-10 07:39:33.240  INFO 31628 --- [Thread-2] com.zaxxer.hikari.HikariDataSource       : SimpleBlog-DataSource - Shutdown initiated...
2018-07-10 07:39:33.256  INFO 31628 --- [Thread-2] com.zaxxer.hikari.HikariDataSource       : SimpleBlog-DataSource - Shutdown completed.
2018-07-10 07:41:34.148  INFO 12708 --- [main] c.q.q.project.simpleblog.TestRepository  : Starting TestRepository on QuHao-PC with PID 12708 (started by Qu Hao in D:\Git\simpleblog\web)
2018-07-10 07:41:34.148  INFO 12708 --- [main] c.q.q.project.simpleblog.TestRepository  : No active profile set, falling back to default profiles: default
2018-07-10 07:41:34.242  INFO 12708 --- [main] o.s.w.c.s.GenericWebApplicationContext   : Refreshing org.springframework.web.context.support.GenericWebApplicationContext@73163d48: startup date [Tue Jul 10 07:41:34 CST 2018]; root of context hierarchy
2018-07-10 07:41:35.771  INFO 12708 --- [main] trationDelegate$BeanPostProcessorChecker : Bean 'org.springframework.transaction.annotation.ProxyTransactionManagementConfiguration' of type [org.springframework.transaction.annotation.ProxyTransactionManagementConfiguration$$EnhancerBySpringCGLIB$$ef43a8b2] is not eligible for getting processed by all BeanPostProcessors (for example: not eligible for auto-proxying)
2018-07-10 07:41:36.068  INFO 12708 --- [main] j.LocalContainerEntityManagerFactoryBean : Building JPA container EntityManagerFactory for persistence unit 'default'
2018-07-10 07:41:36.099  INFO 12708 --- [main] o.hibernate.jpa.internal.util.LogHelper  : HHH000204: Processing PersistenceUnitInfo [
	name: default
	...]
2018-07-10 07:41:36.193  INFO 12708 --- [main] org.hibernate.Version                    : HHH000412: Hibernate Core {5.3.2.Final}
2018-07-10 07:41:36.193  INFO 12708 --- [main] org.hibernate.cfg.Environment            : HHH000206: hibernate.properties not found
2018-07-10 07:41:36.286  INFO 12708 --- [main] o.hibernate.annotations.common.Version   : HCANN000001: Hibernate Commons Annotations {5.0.4.Final}
2018-07-10 07:41:36.635  INFO 12708 --- [main] com.zaxxer.hikari.HikariDataSource       : SimpleBlog-DataSource - Starting...
2018-07-10 07:41:36.635  WARN 12708 --- [main] com.zaxxer.hikari.util.DriverDataSource  : Registered driver with driverClassName=com.mysql.jdbc.Driver was not found, trying direct instantiation.
2018-07-10 07:41:36.947  INFO 12708 --- [main] com.zaxxer.hikari.HikariDataSource       : SimpleBlog-DataSource - Start completed.
2018-07-10 07:41:36.963  INFO 12708 --- [main] org.hibernate.dialect.Dialect            : HHH000400: Using dialect: org.hibernate.dialect.MySQL8Dialect
2018-07-10 07:41:37.411  WARN 12708 --- [main] org.hibernate.mapping.RootClass          : HHH000038: Composite-id class does not override equals(): com.quhxuxm.quh.project.simpleblog.domain.AnthologyParticipant
2018-07-10 07:41:37.411  WARN 12708 --- [main] org.hibernate.mapping.RootClass          : HHH000039: Composite-id class does not override hashCode(): com.quhxuxm.quh.project.simpleblog.domain.AnthologyParticipant
2018-07-10 07:41:37.411  WARN 12708 --- [main] org.hibernate.mapping.RootClass          : HHH000038: Composite-id class does not override equals(): com.quhxuxm.quh.project.simpleblog.domain.AnthologyTag
2018-07-10 07:41:37.411  WARN 12708 --- [main] org.hibernate.mapping.RootClass          : HHH000039: Composite-id class does not override hashCode(): com.quhxuxm.quh.project.simpleblog.domain.AnthologyTag
2018-07-10 07:41:37.411  WARN 12708 --- [main] org.hibernate.mapping.RootClass          : HHH000038: Composite-id class does not override equals(): com.quhxuxm.quh.project.simpleblog.domain.AuthorFollower
2018-07-10 07:41:37.411  WARN 12708 --- [main] org.hibernate.mapping.RootClass          : HHH000039: Composite-id class does not override hashCode(): com.quhxuxm.quh.project.simpleblog.domain.AuthorFollower
2018-07-10 07:41:37.411  WARN 12708 --- [main] org.hibernate.mapping.RootClass          : HHH000038: Composite-id class does not override equals(): com.quhxuxm.quh.project.simpleblog.domain.ArticleTag
2018-07-10 07:41:37.411  WARN 12708 --- [main] org.hibernate.mapping.RootClass          : HHH000039: Composite-id class does not override hashCode(): com.quhxuxm.quh.project.simpleblog.domain.ArticleTag
2018-07-10 07:41:37.411  WARN 12708 --- [main] org.hibernate.mapping.RootClass          : HHH000038: Composite-id class does not override equals(): com.quhxuxm.quh.project.simpleblog.domain.AuthorTag
2018-07-10 07:41:37.411  WARN 12708 --- [main] org.hibernate.mapping.RootClass          : HHH000039: Composite-id class does not override hashCode(): com.quhxuxm.quh.project.simpleblog.domain.AuthorTag
2018-07-10 07:41:37.411  WARN 12708 --- [main] org.hibernate.mapping.RootClass          : HHH000038: Composite-id class does not override equals(): com.quhxuxm.quh.project.simpleblog.domain.AuthorDefaultAnthology
2018-07-10 07:41:37.411  WARN 12708 --- [main] org.hibernate.mapping.RootClass          : HHH000039: Composite-id class does not override hashCode(): com.quhxuxm.quh.project.simpleblog.domain.AuthorDefaultAnthology
2018-07-10 07:41:38.461  INFO 12708 --- [main] j.LocalContainerEntityManagerFactoryBean : Initialized JPA EntityManagerFactory for persistence unit 'default'
2018-07-10 07:41:39.095  WARN 12708 --- [main] aWebConfiguration$JpaWebMvcConfiguration : spring.jpa.open-in-view is enabled by default. Therefore, database queries may be performed during view rendering. Explicitly configure spring.jpa.open-in-view to disable this warning
2018-07-10 07:41:39.157  INFO 12708 --- [main] s.w.s.m.m.a.RequestMappingHandlerMapping : Mapped "{[/error]}" onto public org.springframework.http.ResponseEntity<java.util.Map<java.lang.String, java.lang.Object>> org.springframework.boot.autoconfigure.web.servlet.error.BasicErrorController.error(javax.servlet.http.HttpServletRequest)
2018-07-10 07:41:39.173  INFO 12708 --- [main] s.w.s.m.m.a.RequestMappingHandlerMapping : Mapped "{[/error],produces=[text/html]}" onto public org.springframework.web.servlet.ModelAndView org.springframework.boot.autoconfigure.web.servlet.error.BasicErrorController.errorHtml(javax.servlet.http.HttpServletRequest,javax.servlet.http.HttpServletResponse)
2018-07-10 07:41:39.360  INFO 12708 --- [main] s.w.s.m.m.a.RequestMappingHandlerAdapter : Looking for @ControllerAdvice: org.springframework.web.context.support.GenericWebApplicationContext@73163d48: startup date [Tue Jul 10 07:41:34 CST 2018]; root of context hierarchy
2018-07-10 07:41:39.891  INFO 12708 --- [main] .s.s.UserDetailsServiceAutoConfiguration : 

Using generated security password: 95467e27-ed6c-4af6-a0e2-e259bfa6dcac

2018-07-10 07:41:40.079  INFO 12708 --- [main] o.s.s.web.DefaultSecurityFilterChain     : Creating filter chain: org.springframework.security.web.util.matcher.AnyRequestMatcher@1, [org.springframework.security.web.context.request.async.WebAsyncManagerIntegrationFilter@5afa0b1a, org.springframework.security.web.context.SecurityContextPersistenceFilter@71c74011, org.springframework.security.web.header.HeaderWriterFilter@53a3fc8b, org.springframework.security.web.csrf.CsrfFilter@7d44eab, org.springframework.security.web.authentication.logout.LogoutFilter@1ecf784f, org.springframework.security.web.authentication.UsernamePasswordAuthenticationFilter@3c717ef2, org.springframework.security.web.authentication.ui.DefaultLoginPageGeneratingFilter@5837cb9e, org.springframework.security.web.authentication.www.BasicAuthenticationFilter@3d0f4ac4, org.springframework.security.web.savedrequest.RequestCacheAwareFilter@6ee07d7f, org.springframework.security.web.servletapi.SecurityContextHolderAwareRequestFilter@188058fb, org.springframework.security.web.authentication.AnonymousAuthenticationFilter@3d9cba2, org.springframework.security.web.session.SessionManagementFilter@4d24ab25, org.springframework.security.web.access.ExceptionTranslationFilter@72115c48, org.springframework.security.web.access.intercept.FilterSecurityInterceptor@1f381eaf]
2018-07-10 07:41:40.188  INFO 12708 --- [main] c.q.q.project.simpleblog.TestRepository  : Started TestRepository in 6.602 seconds (JVM running for 7.594)
2018-07-10 07:41:40.282  INFO 12708 --- [main] o.h.h.i.QueryTranslatorFactoryInitiator  : HHH000397: Using ASTQueryTranslatorFactory
2018-07-10 07:41:40.532  WARN 12708 --- [main] o.h.engine.jdbc.spi.SqlExceptionHelper   : SQL Error: 1048, SQLState: 23000
2018-07-10 07:41:40.532 ERROR 12708 --- [main] o.h.engine.jdbc.spi.SqlExceptionHelper   : Column 'default_anthology_id' cannot be null
2018-07-10 07:41:40.532 ERROR 12708 --- [main] o.h.i.ExceptionMapperStandardImpl        : HHH000346: Error during managed flush [org.hibernate.exception.ConstraintViolationException: could not execute statement]
2018-07-10 07:41:40.563  INFO 12708 --- [Thread-2] o.s.w.c.s.GenericWebApplicationContext   : Closing org.springframework.web.context.support.GenericWebApplicationContext@73163d48: startup date [Tue Jul 10 07:41:34 CST 2018]; root of context hierarchy
2018-07-10 07:41:40.563  INFO 12708 --- [Thread-2] j.LocalContainerEntityManagerFactoryBean : Closing JPA EntityManagerFactory for persistence unit 'default'
2018-07-10 07:41:40.563  INFO 12708 --- [Thread-2] com.zaxxer.hikari.HikariDataSource       : SimpleBlog-DataSource - Shutdown initiated...
2018-07-10 07:41:40.579  INFO 12708 --- [Thread-2] com.zaxxer.hikari.HikariDataSource       : SimpleBlog-DataSource - Shutdown completed.
